#
# A fatal error has been detected by the Java Runtime Environment:
#
#  SIGSEGV (0xb) at pc=0x00007f870e9fb3de, pid=25073, tid=25074
#
# JRE version: OpenJDK Runtime Environment (14.0.1+7) (build 14.0.1+7)
# Java VM: OpenJDK 64-Bit Server VM (14.0.1+7, mixed mode, tiered, compressed oops, g1 gc, linux-amd64)
# Problematic frame:
# V  [libjvm.so+0x6293de]
#
# Core dump will be written. Default location: Core dumps may be processed with "/usr/lib/systemd/systemd-coredump %P %u %g %s %t %c %h" (or dumping to /home/mauricio/Documents/escom/8semester/Cryptography/core.25073)
#
# If you would like to submit a bug report, please visit:
#   https://bugreport.java.com/bugreport/crash.jsp
#

---------------  S U M M A R Y ------------

Command Line: -Djava.library.path=. HelloJNI file.txt JNI.txt

Host: Intel(R) Core(TM) i7-7500U CPU @ 2.70GHz, 4 cores, 7G, Manjaro Linux
Time: Mon Jun 29 17:06:34 2020 CDT elapsed time: 0 seconds (0d 0h 0m 0s)

---------------  T H R E A D  ---------------

Current thread (0x00007f8708017000):  JavaThread "main" [_thread_in_vm, id=25074, stack(0x00007f870df88000,0x00007f870e089000)]

Stack: [0x00007f870df88000,0x00007f870e089000],  sp=0x00007f870e085ce0,  free space=1015k
Native frames: (J=compiled Java code, A=aot compiled Java code, j=interpreted, Vv=VM code, C=native code)
V  [libjvm.so+0x6293de]
V  [libjvm.so+0xd8d442]
V  [libjvm.so+0xd90149]
V  [libjvm.so+0x5a4719]
V  [libjvm.so+0xa05065]
V  [libjvm.so+0x7b3672]
V  [libjvm.so+0x7b42c5]
j  java.lang.invoke.MemberName.getFactory()Ljava/lang/invoke/MemberName$Factory;+0 java.base@14.0.1
j  java.lang.invoke.MethodHandles.<clinit>()V+16 java.base@14.0.1
v  ~StubRoutines::call_stub
V  [libjvm.so+0x7b875c]
V  [libjvm.so+0x796e78]
V  [libjvm.so+0x797aed]
V  [libjvm.so+0xa04ad2]
V  [libjvm.so+0xa05106]
V  [libjvm.so+0x7b3672]
V  [libjvm.so+0x7b42c5]
j  java.lang.invoke.MethodHandles$Lookup.<clinit>()V+31 java.base@14.0.1
v  ~StubRoutines::call_stub
V  [libjvm.so+0x7b875c]
V  [libjvm.so+0x796e78]
V  [libjvm.so+0x797aed]
V  [libjvm.so+0xa04ad2]
V  [libjvm.so+0xa05106]
V  [libjvm.so+0x7b3672]
V  [libjvm.so+0x7b42c5]
j  java.lang.invoke.MethodHandleNatives.linkMethodHandleConstant(Ljava/lang/Class;ILjava/lang/Class;Ljava/lang/String;Ljava/lang/Object;)Ljava/lang/invoke/MethodHandle;+0 java.base@14.0.1
v  ~StubRoutines::call_stub
V  [libjvm.so+0x7b875c]
V  [libjvm.so+0x7b8b75]
V  [libjvm.so+0xd8ab48]
V  [libjvm.so+0x5a62f8]
V  [libjvm.so+0x40d9ef]
V  [libjvm.so+0xd8b72f]
V  [libjvm.so+0xa027e3]
V  [libjvm.so+0xa0295e]
V  [libjvm.so+0x7b1d6d]
V  [libjvm.so+0x7b42d5]
j  HelloJNI.main([Ljava/lang/String;)V+21
v  ~StubRoutines::call_stub
V  [libjvm.so+0x7b875c]
V  [libjvm.so+0x843bb4]
V  [libjvm.so+0x8464d7]
C  [libjli.so+0x5111]
C  [libjli.so+0x92ca]

Java frames: (J=compiled Java code, j=interpreted, Vv=VM code)
j  java.lang.invoke.MemberName.getFactory()Ljava/lang/invoke/MemberName$Factory;+0 java.base@14.0.1
j  java.lang.invoke.MethodHandles.<clinit>()V+16 java.base@14.0.1
v  ~StubRoutines::call_stub
j  java.lang.invoke.MethodHandles$Lookup.<clinit>()V+31 java.base@14.0.1
v  ~StubRoutines::call_stub
j  java.lang.invoke.MethodHandleNatives.linkMethodHandleConstant(Ljava/lang/Class;ILjava/lang/Class;Ljava/lang/String;Ljava/lang/Object;)Ljava/lang/invoke/MethodHandle;+0 java.base@14.0.1
v  ~StubRoutines::call_stub
j  HelloJNI.main([Ljava/lang/String;)V+21
v  ~StubRoutines::call_stub

siginfo: si_signo: 11 (SIGSEGV), si_code: 128 (SI_KERNEL), si_addr: 0x0000000000000000

Register to memory mapping:

RAX=0x00007f87080f2ba8 points into unknown readable memory: d0 7e 23 08 87 7f 00 00
RBX=0xdab6177ee0eff82c is an unknown value
RCX=0x0 is NULL
RDX=0x0000000000000241 is an unknown value
RSP=0x00007f870e085ce0 is pointing into the stack for thread: 0x00007f8708017000
RBP=0x00007f870e085d00 is pointing into the stack for thread: 0x00007f8708017000
RSI=
[error occurred during error reporting (printing register info), id 0xb, SIGSEGV (0xb) at pc=0x00007f870ea510d0]

Registers:
RAX=0x00007f87080f2ba8, RBX=0xdab6177ee0eff82c, RCX=0x0000000000000000, RDX=0x0000000000000241
RSP=0x00007f870e085ce0, RBP=0x00007f870e085d00, RSI=0x00000000b741853d, RDI=0x00007f870c3f8808
R8 =0x00007f87080f18b0, R9 =0x00007f8708017000, R10=0x00007f870df54000, R11=0x00007f870c3f87d8
R12=0x00007f870c3f8808, R13=0x00007f8708017000, R14=0x0000000000000000, R15=0x00007f87080f18b0
RIP=0x00007f870e9fb3de, EFLAGS=0x0000000000010282, CSGSFS=0x002b000000000033, ERR=0x0000000000000000
  TRAPNO=0x000000000000000d

Top of Stack: (sp=0x00007f870e085ce0)
0x00007f870e085ce0:   00007f870f59a9c4 00007f870c3f8808
0x00007f870e085cf0:   00007f8708017000 0000000000000000
0x00007f870e085d00:   00007f870e085e20 00007f870f15f442
0x00007f870e085d10:   00007f86ec0e0230 00007f8708017000 

Instructions: (pc=0x00007f870e9fb3de)
0x00007f870e9fb2de:   1f 00 55 48 89 ca 48 89 e5 41 54 41 89 f4 53 48
0x00007f870e9fb2ee:   89 fb 67 e8 ea 1d 12 00 31 d2 48 c7 40 18 00 00
0x00007f870e9fb2fe:   00 00 48 89 c1 44 89 e0 f7 33 48 8b 43 08 48 63
0x00007f870e9fb30e:   d2 48 c1 e2 03 48 01 d0 48 8b 00 48 89 41 08 48
0x00007f870e9fb31e:   03 53 08 48 89 0a 8b 43 2c 48 8d 7b 38 83 c0 01
0x00007f870e9fb32e:   89 43 2c 67 e8 99 ee 76 00 80 7b 78 00 74 17 8b
0x00007f870e9fb33e:   03 8b 53 2c 8d 04 80 39 c2 7e 0b c6 43 79 01 c6
0x00007f870e9fb34e:   05 b5 05 be 00 01 5b 41 5c 5d c3 90 66 0f 1f 44
0x00007f870e9fb35e:   00 00 48 8b 47 08 4c 63 c6 48 89 ce 4a 8d 04 c0
0x00007f870e9fb36e:   48 8b 00 48 85 c0 75 14 eb 20 0f 1f 84 00 00 00
0x00007f870e9fb37e:   00 00 48 8b 40 08 48 83 e0 fe 74 0e 3b 10 75 f2
0x00007f870e9fb38e:   48 8b 48 10 48 3b 71 18 75 e8 c3 90 66 0f 1f 44
0x00007f870e9fb39e:   00 00 49 89 f8 89 f0 48 89 d7 31 d2 41 f7 30 55
0x00007f870e9fb3ae:   49 8b 40 08 48 89 e5 41 56 41 55 41 54 53 48 63
0x00007f870e9fb3be:   d2 48 8d 04 d0 48 8b 18 48 85 db 75 13 e9 b0 00
0x00007f870e9fb3ce:   00 00 48 8b 5b 08 48 83 e3 fe 0f 84 a2 00 00 00
0x00007f870e9fb3de:   3b 33 75 ee 48 8b 43 10 48 3b 78 18 75 e4 48 85
0x00007f870e9fb3ee:   c9 74 67 4c 8b 29 4d 85 ed 74 5f 48 8d 15 b0 8a
0x00007f870e9fb3fe:   c1 00 4c 8b 32 4d 85 f6 0f 84 95 00 00 00 4c 89
0x00007f870e9fb40e:   f7 67 e8 bb d7 51 00 48 8b 7b 10 48 8b 07 ff 90
0x00007f870e9fb41e:   c8 00 00 00 49 39 c5 74 64 4c 8b 63 18 4d 85 e4
0x00007f870e9fb42e:   75 11 eb 3b 66 0f 1f 44 00 00 4d 8b 24 24 4d 85
0x00007f870e9fb43e:   e4 74 27 4c 89 e7 67 e8 d6 d9 5b 00 49 39 c5 75
0x00007f870e9fb44e:   e9 4d 85 f6 75 37 48 8b 43 10 5b 41 5c 41 5d 41
0x00007f870e9fb45e:   5e 5d c3 0f 1f 80 00 00 00 00 4d 85 f6 74 13 4c
0x00007f870e9fb46e:   89 f7 67 e8 da d7 51 00 66 2e 0f 1f 84 00 00 00
0x00007f870e9fb47e:   00 00 31 c0 5b 41 5c 41 5d 41 5e 5d c3 4c 89 f7
0x00007f870e9fb48e:   67 e8 bc d7 51 00 48 8b 43 10 5b 41 5c 41 5d 41
0x00007f870e9fb49e:   5e 5d c3 48 8b 10 48 89 c7 ff 92 c8 00 00 00 49
0x00007f870e9fb4ae:   39 c5 74 a2 4c 8b 63 18 4d 85 e4 75 86 31 c0 eb
0x00007f870e9fb4be:   c3 90 48 8b 47 08 48 63 f6 48 8d 04 f0 48 8b 00
0x00007f870e9fb4ce:   48 85 c0 75 0f eb 23 0f 1f 00 48 8b 40 08 48 83 


Stack slot to memory mapping:
stack at sp + 0 slots: 0x00007f870f59a9c4: <offset 0x00000000011c89c4> in /usr/lib/jvm/java-14-openjdk/lib/server/libjvm.so at 0x00007f870e3d2000
stack at sp + 1 slots: 0x00007f870c3f8808 points into unknown readable memory: ff ff 23 00 3d 85 6a 61
stack at sp + 2 slots: 0x00007f8708017000 is a thread
stack at sp + 3 slots: 0x0 is NULL
stack at sp + 4 slots: 0x00007f870e085e20 is pointing into the stack for thread: 0x00007f8708017000
stack at sp + 5 slots: 0x00007f870f15f442: <offset 0x0000000000d8d442> in /usr/lib/jvm/java-14-openjdk/lib/server/libjvm.so at 0x00007f870e3d2000
stack at sp + 6 slots: {method} {0x00007f86ec0e0230} 'getFactory' '()Ljava/lang/invoke/MemberName$Factory;' in 'java/lang/invoke/MemberName'
stack at sp + 7 slots: 0x00007f8708017000 is a thread


---------------  P R O C E S S  ---------------

Threads class SMR info:
_java_thread_list=0x00007f870822ff10, length=10, elements={
0x00007f8708017000, 0x00007f8708166800, 0x00007f8708168800, 0x00007f8708181000,
0x00007f8708183000, 0x00007f8708185000, 0x00007f8708187000, 0x00007f870818e000,
0x00007f8708221000, 0x00007f870822e800
}

Java Threads: ( => current thread )
=>0x00007f8708017000 JavaThread "main" [_thread_in_vm, id=25074, stack(0x00007f870df88000,0x00007f870e089000)]
  0x00007f8708166800 JavaThread "Reference Handler" daemon [_thread_blocked, id=25081, stack(0x00007f870c14f000,0x00007f870c250000)]
  0x00007f8708168800 JavaThread "Finalizer" daemon [_thread_blocked, id=25082, stack(0x00007f870c04e000,0x00007f870c14f000)]
  0x00007f8708181000 JavaThread "Signal Dispatcher" daemon [_thread_blocked, id=25083, stack(0x00007f86dd9a1000,0x00007f86ddaa2000)]
  0x00007f8708183000 JavaThread "Service Thread" daemon [_thread_blocked, id=25084, stack(0x00007f86dd8a0000,0x00007f86dd9a1000)]
  0x00007f8708185000 JavaThread "C2 CompilerThread0" daemon [_thread_blocked, id=25085, stack(0x00007f86dd79f000,0x00007f86dd8a0000)]
  0x00007f8708187000 JavaThread "C1 CompilerThread0" daemon [_thread_blocked, id=25086, stack(0x00007f86dd69e000,0x00007f86dd79f000)]
  0x00007f870818e000 JavaThread "Sweeper thread" daemon [_thread_blocked, id=25087, stack(0x00007f86dd59d000,0x00007f86dd69e000)]
  0x00007f8708221000 JavaThread "Notification Thread" daemon [_thread_blocked, id=25088, stack(0x00007f86dd49c000,0x00007f86dd59d000)]
  0x00007f870822e800 JavaThread "Common-Cleaner" daemon [_thread_blocked, id=25090, stack(0x00007f86dd299000,0x00007f86dd39a000)]

Other Threads:
  0x00007f8708159000 VMThread "VM Thread" [stack: 0x00007f870c252000,0x00007f870c352000] [id=25080]
  0x00007f8708223000 WatcherThread [stack: 0x00007f86dd39c000,0x00007f86dd49c000] [id=25089]
  0x00007f8708056800 GCTaskThread "GC Thread#0" [stack: 0x00007f870ccbf000,0x00007f870cdbf000] [id=25075]
  0x00007f8708068000 ConcurrentGCThread "G1 Main Marker" [stack: 0x00007f870cbbd000,0x00007f870ccbd000] [id=25076]
  0x00007f8708069800 ConcurrentGCThread "G1 Conc#0" [stack: 0x00007f870cabb000,0x00007f870cbbb000] [id=25077]
  0x00007f87080e0000 ConcurrentGCThread "G1 Refine#0" [stack: 0x00007f870c5b5000,0x00007f870c6b5000] [id=25078]
  0x00007f87080e1800 ConcurrentGCThread "G1 Young RemSet Sampling" [stack: 0x00007f870c4b3000,0x00007f870c5b3000] [id=25079]

Threads with active compile tasks:

VM state:not at safepoint (normal execution)

VM Mutex/Monitor currently owned by a thread: None

Heap address: 0x0000000085a00000, size: 1958 MB, Compressed Oops mode: 32-bit
Narrow klass base: 0x0000000000000000, Narrow klass shift: 3
Compressed class space size: 1073741824 Address: 0x0000000100000000

Heap:
 garbage-first heap   total 126976K, used 0K [0x0000000085a00000, 0x0000000100000000)
  region size 1024K, 1 young (1024K), 0 survivors (0K)
 Metaspace       used 3589K, capacity 4486K, committed 4864K, reserved 1056768K
  class space    used 308K, capacity 386K, committed 512K, reserved 1048576K
Heap Regions: E=young(eden), S=young(survivor), O=old, HS=humongous(starts), HC=humongous(continues), CS=collection set, F=free, OA=open archive, CA=closed archive, TAMS=top-at-mark-start (previous, next)
|   0|0x0000000085a00000, 0x0000000085a00000, 0x0000000085b00000|  0%| F|  |TAMS 0x0000000085a00000, 0x0000000085a00000| Untracked 
|   1|0x0000000085b00000, 0x0000000085b00000, 0x0000000085c00000|  0%| F|  |TAMS 0x0000000085b00000, 0x0000000085b00000| Untracked 
|   2|0x0000000085c00000, 0x0000000085c00000, 0x0000000085d00000|  0%| F|  |TAMS 0x0000000085c00000, 0x0000000085c00000| Untracked 
|   3|0x0000000085d00000, 0x0000000085d00000, 0x0000000085e00000|  0%| F|  |TAMS 0x0000000085d00000, 0x0000000085d00000| Untracked 
|   4|0x0000000085e00000, 0x0000000085e00000, 0x0000000085f00000|  0%| F|  |TAMS 0x0000000085e00000, 0x0000000085e00000| Untracked 
|   5|0x0000000085f00000, 0x0000000085f00000, 0x0000000086000000|  0%| F|  |TAMS 0x0000000085f00000, 0x0000000085f00000| Untracked 
|   6|0x0000000086000000, 0x0000000086000000, 0x0000000086100000|  0%| F|  |TAMS 0x0000000086000000, 0x0000000086000000| Untracked 
|   7|0x0000000086100000, 0x0000000086100000, 0x0000000086200000|  0%| F|  |TAMS 0x0000000086100000, 0x0000000086100000| Untracked 
|   8|0x0000000086200000, 0x0000000086200000, 0x0000000086300000|  0%| F|  |TAMS 0x0000000086200000, 0x0000000086200000| Untracked 
|   9|0x0000000086300000, 0x0000000086300000, 0x0000000086400000|  0%| F|  |TAMS 0x0000000086300000, 0x0000000086300000| Untracked 
|  10|0x0000000086400000, 0x0000000086400000, 0x0000000086500000|  0%| F|  |TAMS 0x0000000086400000, 0x0000000086400000| Untracked 
|  11|0x0000000086500000, 0x0000000086500000, 0x0000000086600000|  0%| F|  |TAMS 0x0000000086500000, 0x0000000086500000| Untracked 
|  12|0x0000000086600000, 0x0000000086600000, 0x0000000086700000|  0%| F|  |TAMS 0x0000000086600000, 0x0000000086600000| Untracked 
|  13|0x0000000086700000, 0x0000000086700000, 0x0000000086800000|  0%| F|  |TAMS 0x0000000086700000, 0x0000000086700000| Untracked 
|  14|0x0000000086800000, 0x0000000086800000, 0x0000000086900000|  0%| F|  |TAMS 0x0000000086800000, 0x0000000086800000| Untracked 
|  15|0x0000000086900000, 0x0000000086900000, 0x0000000086a00000|  0%| F|  |TAMS 0x0000000086900000, 0x0000000086900000| Untracked 
|  16|0x0000000086a00000, 0x0000000086a00000, 0x0000000086b00000|  0%| F|  |TAMS 0x0000000086a00000, 0x0000000086a00000| Untracked 
|  17|0x0000000086b00000, 0x0000000086b00000, 0x0000000086c00000|  0%| F|  |TAMS 0x0000000086b00000, 0x0000000086b00000| Untracked 
|  18|0x0000000086c00000, 0x0000000086c00000, 0x0000000086d00000|  0%| F|  |TAMS 0x0000000086c00000, 0x0000000086c00000| Untracked 
|  19|0x0000000086d00000, 0x0000000086d00000, 0x0000000086e00000|  0%| F|  |TAMS 0x0000000086d00000, 0x0000000086d00000| Untracked 
|  20|0x0000000086e00000, 0x0000000086e00000, 0x0000000086f00000|  0%| F|  |TAMS 0x0000000086e00000, 0x0000000086e00000| Untracked 
|  21|0x0000000086f00000, 0x0000000086f00000, 0x0000000087000000|  0%| F|  |TAMS 0x0000000086f00000, 0x0000000086f00000| Untracked 
|  22|0x0000000087000000, 0x0000000087000000, 0x0000000087100000|  0%| F|  |TAMS 0x0000000087000000, 0x0000000087000000| Untracked 
|  23|0x0000000087100000, 0x0000000087100000, 0x0000000087200000|  0%| F|  |TAMS 0x0000000087100000, 0x0000000087100000| Untracked 
|  24|0x0000000087200000, 0x0000000087200000, 0x0000000087300000|  0%| F|  |TAMS 0x0000000087200000, 0x0000000087200000| Untracked 
|  25|0x0000000087300000, 0x0000000087300000, 0x0000000087400000|  0%| F|  |TAMS 0x0000000087300000, 0x0000000087300000| Untracked 
|  26|0x0000000087400000, 0x0000000087400000, 0x0000000087500000|  0%| F|  |TAMS 0x0000000087400000, 0x0000000087400000| Untracked 
|  27|0x0000000087500000, 0x0000000087500000, 0x0000000087600000|  0%| F|  |TAMS 0x0000000087500000, 0x0000000087500000| Untracked 
|  28|0x0000000087600000, 0x0000000087600000, 0x0000000087700000|  0%| F|  |TAMS 0x0000000087600000, 0x0000000087600000| Untracked 
|  29|0x0000000087700000, 0x0000000087700000, 0x0000000087800000|  0%| F|  |TAMS 0x0000000087700000, 0x0000000087700000| Untracked 
|  30|0x0000000087800000, 0x0000000087800000, 0x0000000087900000|  0%| F|  |TAMS 0x0000000087800000, 0x0000000087800000| Untracked 
|  31|0x0000000087900000, 0x0000000087900000, 0x0000000087a00000|  0%| F|  |TAMS 0x0000000087900000, 0x0000000087900000| Untracked 
|  32|0x0000000087a00000, 0x0000000087a00000, 0x0000000087b00000|  0%| F|  |TAMS 0x0000000087a00000, 0x0000000087a00000| Untracked 
|  33|0x0000000087b00000, 0x0000000087b00000, 0x0000000087c00000|  0%| F|  |TAMS 0x0000000087b00000, 0x0000000087b00000| Untracked 
|  34|0x0000000087c00000, 0x0000000087c00000, 0x0000000087d00000|  0%| F|  |TAMS 0x0000000087c00000, 0x0000000087c00000| Untracked 
|  35|0x0000000087d00000, 0x0000000087d00000, 0x0000000087e00000|  0%| F|  |TAMS 0x0000000087d00000, 0x0000000087d00000| Untracked 
|  36|0x0000000087e00000, 0x0000000087e00000, 0x0000000087f00000|  0%| F|  |TAMS 0x0000000087e00000, 0x0000000087e00000| Untracked 
|  37|0x0000000087f00000, 0x0000000087f00000, 0x0000000088000000|  0%| F|  |TAMS 0x0000000087f00000, 0x0000000087f00000| Untracked 
|  38|0x0000000088000000, 0x0000000088000000, 0x0000000088100000|  0%| F|  |TAMS 0x0000000088000000, 0x0000000088000000| Untracked 
|  39|0x0000000088100000, 0x0000000088100000, 0x0000000088200000|  0%| F|  |TAMS 0x0000000088100000, 0x0000000088100000| Untracked 
|  40|0x0000000088200000, 0x0000000088200000, 0x0000000088300000|  0%| F|  |TAMS 0x0000000088200000, 0x0000000088200000| Untracked 
|  41|0x0000000088300000, 0x0000000088300000, 0x0000000088400000|  0%| F|  |TAMS 0x0000000088300000, 0x0000000088300000| Untracked 
|  42|0x0000000088400000, 0x0000000088400000, 0x0000000088500000|  0%| F|  |TAMS 0x0000000088400000, 0x0000000088400000| Untracked 
|  43|0x0000000088500000, 0x0000000088500000, 0x0000000088600000|  0%| F|  |TAMS 0x0000000088500000, 0x0000000088500000| Untracked 
|  44|0x0000000088600000, 0x0000000088600000, 0x0000000088700000|  0%| F|  |TAMS 0x0000000088600000, 0x0000000088600000| Untracked 
|  45|0x0000000088700000, 0x0000000088700000, 0x0000000088800000|  0%| F|  |TAMS 0x0000000088700000, 0x0000000088700000| Untracked 
|  46|0x0000000088800000, 0x0000000088800000, 0x0000000088900000|  0%| F|  |TAMS 0x0000000088800000, 0x0000000088800000| Untracked 
|  47|0x0000000088900000, 0x0000000088900000, 0x0000000088a00000|  0%| F|  |TAMS 0x0000000088900000, 0x0000000088900000| Untracked 
|  48|0x0000000088a00000, 0x0000000088a00000, 0x0000000088b00000|  0%| F|  |TAMS 0x0000000088a00000, 0x0000000088a00000| Untracked 
|  49|0x0000000088b00000, 0x0000000088b00000, 0x0000000088c00000|  0%| F|  |TAMS 0x0000000088b00000, 0x0000000088b00000| Untracked 
|  50|0x0000000088c00000, 0x0000000088c00000, 0x0000000088d00000|  0%| F|  |TAMS 0x0000000088c00000, 0x0000000088c00000| Untracked 
|  51|0x0000000088d00000, 0x0000000088d00000, 0x0000000088e00000|  0%| F|  |TAMS 0x0000000088d00000, 0x0000000088d00000| Untracked 
|  52|0x0000000088e00000, 0x0000000088e00000, 0x0000000088f00000|  0%| F|  |TAMS 0x0000000088e00000, 0x0000000088e00000| Untracked 
|  53|0x0000000088f00000, 0x0000000088f00000, 0x0000000089000000|  0%| F|  |TAMS 0x0000000088f00000, 0x0000000088f00000| Untracked 
|  54|0x0000000089000000, 0x0000000089000000, 0x0000000089100000|  0%| F|  |TAMS 0x0000000089000000, 0x0000000089000000| Untracked 
|  55|0x0000000089100000, 0x0000000089100000, 0x0000000089200000|  0%| F|  |TAMS 0x0000000089100000, 0x0000000089100000| Untracked 
|  56|0x0000000089200000, 0x0000000089200000, 0x0000000089300000|  0%| F|  |TAMS 0x0000000089200000, 0x0000000089200000| Untracked 
|  57|0x0000000089300000, 0x0000000089300000, 0x0000000089400000|  0%| F|  |TAMS 0x0000000089300000, 0x0000000089300000| Untracked 
|  58|0x0000000089400000, 0x0000000089400000, 0x0000000089500000|  0%| F|  |TAMS 0x0000000089400000, 0x0000000089400000| Untracked 
|  59|0x0000000089500000, 0x0000000089500000, 0x0000000089600000|  0%| F|  |TAMS 0x0000000089500000, 0x0000000089500000| Untracked 
|  60|0x0000000089600000, 0x0000000089600000, 0x0000000089700000|  0%| F|  |TAMS 0x0000000089600000, 0x0000000089600000| Untracked 
|  61|0x0000000089700000, 0x0000000089700000, 0x0000000089800000|  0%| F|  |TAMS 0x0000000089700000, 0x0000000089700000| Untracked 
|  62|0x0000000089800000, 0x0000000089800000, 0x0000000089900000|  0%| F|  |TAMS 0x0000000089800000, 0x0000000089800000| Untracked 
|  63|0x0000000089900000, 0x0000000089900000, 0x0000000089a00000|  0%| F|  |TAMS 0x0000000089900000, 0x0000000089900000| Untracked 
|  64|0x0000000089a00000, 0x0000000089a00000, 0x0000000089b00000|  0%| F|  |TAMS 0x0000000089a00000, 0x0000000089a00000| Untracked 
|  65|0x0000000089b00000, 0x0000000089b00000, 0x0000000089c00000|  0%| F|  |TAMS 0x0000000089b00000, 0x0000000089b00000| Untracked 
|  66|0x0000000089c00000, 0x0000000089c00000, 0x0000000089d00000|  0%| F|  |TAMS 0x0000000089c00000, 0x0000000089c00000| Untracked 
|  67|0x0000000089d00000, 0x0000000089d00000, 0x0000000089e00000|  0%| F|  |TAMS 0x0000000089d00000, 0x0000000089d00000| Untracked 
|  68|0x0000000089e00000, 0x0000000089e00000, 0x0000000089f00000|  0%| F|  |TAMS 0x0000000089e00000, 0x0000000089e00000| Untracked 
|  69|0x0000000089f00000, 0x0000000089f00000, 0x000000008a000000|  0%| F|  |TAMS 0x0000000089f00000, 0x0000000089f00000| Untracked 
|  70|0x000000008a000000, 0x000000008a000000, 0x000000008a100000|  0%| F|  |TAMS 0x000000008a000000, 0x000000008a000000| Untracked 
|  71|0x000000008a100000, 0x000000008a100000, 0x000000008a200000|  0%| F|  |TAMS 0x000000008a100000, 0x000000008a100000| Untracked 
|  72|0x000000008a200000, 0x000000008a200000, 0x000000008a300000|  0%| F|  |TAMS 0x000000008a200000, 0x000000008a200000| Untracked 
|  73|0x000000008a300000, 0x000000008a300000, 0x000000008a400000|  0%| F|  |TAMS 0x000000008a300000, 0x000000008a300000| Untracked 
|  74|0x000000008a400000, 0x000000008a400000, 0x000000008a500000|  0%| F|  |TAMS 0x000000008a400000, 0x000000008a400000| Untracked 
|  75|0x000000008a500000, 0x000000008a500000, 0x000000008a600000|  0%| F|  |TAMS 0x000000008a500000, 0x000000008a500000| Untracked 
|  76|0x000000008a600000, 0x000000008a600000, 0x000000008a700000|  0%| F|  |TAMS 0x000000008a600000, 0x000000008a600000| Untracked 
|  77|0x000000008a700000, 0x000000008a700000, 0x000000008a800000|  0%| F|  |TAMS 0x000000008a700000, 0x000000008a700000| Untracked 
|  78|0x000000008a800000, 0x000000008a800000, 0x000000008a900000|  0%| F|  |TAMS 0x000000008a800000, 0x000000008a800000| Untracked 
|  79|0x000000008a900000, 0x000000008a900000, 0x000000008aa00000|  0%| F|  |TAMS 0x000000008a900000, 0x000000008a900000| Untracked 
|  80|0x000000008aa00000, 0x000000008aa00000, 0x000000008ab00000|  0%| F|  |TAMS 0x000000008aa00000, 0x000000008aa00000| Untracked 
|  81|0x000000008ab00000, 0x000000008ab00000, 0x000000008ac00000|  0%| F|  |TAMS 0x000000008ab00000, 0x000000008ab00000| Untracked 
|  82|0x000000008ac00000, 0x000000008ac00000, 0x000000008ad00000|  0%| F|  |TAMS 0x000000008ac00000, 0x000000008ac00000| Untracked 
|  83|0x000000008ad00000, 0x000000008ad00000, 0x000000008ae00000|  0%| F|  |TAMS 0x000000008ad00000, 0x000000008ad00000| Untracked 
|  84|0x000000008ae00000, 0x000000008ae00000, 0x000000008af00000|  0%| F|  |TAMS 0x000000008ae00000, 0x000000008ae00000| Untracked 
|  85|0x000000008af00000, 0x000000008af00000, 0x000000008b000000|  0%| F|  |TAMS 0x000000008af00000, 0x000000008af00000| Untracked 
|  86|0x000000008b000000, 0x000000008b000000, 0x000000008b100000|  0%| F|  |TAMS 0x000000008b000000, 0x000000008b000000| Untracked 
|  87|0x000000008b100000, 0x000000008b100000, 0x000000008b200000|  0%| F|  |TAMS 0x000000008b100000, 0x000000008b100000| Untracked 
|  88|0x000000008b200000, 0x000000008b200000, 0x000000008b300000|  0%| F|  |TAMS 0x000000008b200000, 0x000000008b200000| Untracked 
|  89|0x000000008b300000, 0x000000008b300000, 0x000000008b400000|  0%| F|  |TAMS 0x000000008b300000, 0x000000008b300000| Untracked 
|  90|0x000000008b400000, 0x000000008b400000, 0x000000008b500000|  0%| F|  |TAMS 0x000000008b400000, 0x000000008b400000| Untracked 
|  91|0x000000008b500000, 0x000000008b500000, 0x000000008b600000|  0%| F|  |TAMS 0x000000008b500000, 0x000000008b500000| Untracked 
|  92|0x000000008b600000, 0x000000008b600000, 0x000000008b700000|  0%| F|  |TAMS 0x000000008b600000, 0x000000008b600000| Untracked 
|  93|0x000000008b700000, 0x000000008b700000, 0x000000008b800000|  0%| F|  |TAMS 0x000000008b700000, 0x000000008b700000| Untracked 
|  94|0x000000008b800000, 0x000000008b800000, 0x000000008b900000|  0%| F|  |TAMS 0x000000008b800000, 0x000000008b800000| Untracked 
|  95|0x000000008b900000, 0x000000008b900000, 0x000000008ba00000|  0%| F|  |TAMS 0x000000008b900000, 0x000000008b900000| Untracked 
|  96|0x000000008ba00000, 0x000000008ba00000, 0x000000008bb00000|  0%| F|  |TAMS 0x000000008ba00000, 0x000000008ba00000| Untracked 
|  97|0x000000008bb00000, 0x000000008bb00000, 0x000000008bc00000|  0%| F|  |TAMS 0x000000008bb00000, 0x000000008bb00000| Untracked 
|  98|0x000000008bc00000, 0x000000008bc00000, 0x000000008bd00000|  0%| F|  |TAMS 0x000000008bc00000, 0x000000008bc00000| Untracked 
|  99|0x000000008bd00000, 0x000000008bd00000, 0x000000008be00000|  0%| F|  |TAMS 0x000000008bd00000, 0x000000008bd00000| Untracked 
| 100|0x000000008be00000, 0x000000008be00000, 0x000000008bf00000|  0%| F|  |TAMS 0x000000008be00000, 0x000000008be00000| Untracked 
| 101|0x000000008bf00000, 0x000000008bf00000, 0x000000008c000000|  0%| F|  |TAMS 0x000000008bf00000, 0x000000008bf00000| Untracked 
| 102|0x000000008c000000, 0x000000008c000000, 0x000000008c100000|  0%| F|  |TAMS 0x000000008c000000, 0x000000008c000000| Untracked 
| 103|0x000000008c100000, 0x000000008c100000, 0x000000008c200000|  0%| F|  |TAMS 0x000000008c100000, 0x000000008c100000| Untracked 
| 104|0x000000008c200000, 0x000000008c200000, 0x000000008c300000|  0%| F|  |TAMS 0x000000008c200000, 0x000000008c200000| Untracked 
| 105|0x000000008c300000, 0x000000008c300000, 0x000000008c400000|  0%| F|  |TAMS 0x000000008c300000, 0x000000008c300000| Untracked 
| 106|0x000000008c400000, 0x000000008c400000, 0x000000008c500000|  0%| F|  |TAMS 0x000000008c400000, 0x000000008c400000| Untracked 
| 107|0x000000008c500000, 0x000000008c500000, 0x000000008c600000|  0%| F|  |TAMS 0x000000008c500000, 0x000000008c500000| Untracked 
| 108|0x000000008c600000, 0x000000008c600000, 0x000000008c700000|  0%| F|  |TAMS 0x000000008c600000, 0x000000008c600000| Untracked 
| 109|0x000000008c700000, 0x000000008c700000, 0x000000008c800000|  0%| F|  |TAMS 0x000000008c700000, 0x000000008c700000| Untracked 
| 110|0x000000008c800000, 0x000000008c800000, 0x000000008c900000|  0%| F|  |TAMS 0x000000008c800000, 0x000000008c800000| Untracked 
| 111|0x000000008c900000, 0x000000008c900000, 0x000000008ca00000|  0%| F|  |TAMS 0x000000008c900000, 0x000000008c900000| Untracked 
| 112|0x000000008ca00000, 0x000000008ca00000, 0x000000008cb00000|  0%| F|  |TAMS 0x000000008ca00000, 0x000000008ca00000| Untracked 
| 113|0x000000008cb00000, 0x000000008cb00000, 0x000000008cc00000|  0%| F|  |TAMS 0x000000008cb00000, 0x000000008cb00000| Untracked 
| 114|0x000000008cc00000, 0x000000008cc00000, 0x000000008cd00000|  0%| F|  |TAMS 0x000000008cc00000, 0x000000008cc00000| Untracked 
| 115|0x000000008cd00000, 0x000000008cd00000, 0x000000008ce00000|  0%| F|  |TAMS 0x000000008cd00000, 0x000000008cd00000| Untracked 
| 116|0x000000008ce00000, 0x000000008ce00000, 0x000000008cf00000|  0%| F|  |TAMS 0x000000008ce00000, 0x000000008ce00000| Untracked 
| 117|0x000000008cf00000, 0x000000008cf00000, 0x000000008d000000|  0%| F|  |TAMS 0x000000008cf00000, 0x000000008cf00000| Untracked 
| 118|0x000000008d000000, 0x000000008d000000, 0x000000008d100000|  0%| F|  |TAMS 0x000000008d000000, 0x000000008d000000| Untracked 
| 119|0x000000008d100000, 0x000000008d100000, 0x000000008d200000|  0%| F|  |TAMS 0x000000008d100000, 0x000000008d100000| Untracked 
| 120|0x000000008d200000, 0x000000008d200000, 0x000000008d300000|  0%| F|  |TAMS 0x000000008d200000, 0x000000008d200000| Untracked 
| 121|0x000000008d300000, 0x000000008d300000, 0x000000008d400000|  0%| F|  |TAMS 0x000000008d300000, 0x000000008d300000| Untracked 
| 122|0x000000008d400000, 0x000000008d400000, 0x000000008d500000|  0%| F|  |TAMS 0x000000008d400000, 0x000000008d400000| Untracked 
| 123|0x000000008d500000, 0x000000008d600000, 0x000000008d600000|100%| E|  |TAMS 0x000000008d500000, 0x000000008d500000| Complete 

Card table byte_map: [0x00007f870d1d4000,0x00007f870d5a7000] _byte_map_base: 0x00007f870cda7000

Marking Bits (Prev, Next): (CMBitMap*) 0x00007f8708057ae8, (CMBitMap*) 0x00007f8708057b28
 Prev Bits: [0x00007f86ee6ed000, 0x00007f86f0585000)
 Next Bits: [0x00007f86ec855000, 0x00007f86ee6ed000)

Polling page: 0x00007f870f888000

Metaspace:

Usage:
  Non-class:      4.00 MB capacity,     3.20 MB ( 80%) used,   819.69 KB ( 20%) free+waste,   128 bytes ( <1%) overhead. 
      Class:    386.00 KB capacity,   308.98 KB ( 80%) used,    76.90 KB ( 20%) free+waste,   128 bytes ( <1%) overhead. 
       Both:      4.38 MB capacity,     3.51 MB ( 80%) used,   896.59 KB ( 20%) free+waste,   256 bytes ( <1%) overhead. 

Virtual space:
  Non-class space:        8.00 MB reserved,       4.25 MB ( 53%) committed 
      Class space:        1.00 GB reserved,     512.00 KB ( <1%) committed 
             Both:        1.01 GB reserved,       4.75 MB ( <1%) committed 

Chunk freelists:
   Non-Class:  0 bytes
       Class:  0 bytes
        Both:  0 bytes

MaxMetaspaceSize: unlimited
CompressedClassSpaceSize: 1.00 GB

CodeHeap 'non-profiled nmethods': size=120032Kb used=18Kb max_used=18Kb free=120013Kb
 bounds [0x00007f86f804d000, 0x00007f86f82bd000, 0x00007f86ff585000]
CodeHeap 'profiled nmethods': size=120028Kb used=100Kb max_used=100Kb free=119927Kb
 bounds [0x00007f86f0b16000, 0x00007f86f0d86000, 0x00007f86f804d000]
CodeHeap 'non-nmethods': size=5700Kb used=1032Kb max_used=1040Kb free=4667Kb
 bounds [0x00007f86f0585000, 0x00007f86f07f5000, 0x00007f86f0b16000]
 total_blobs=382 nmethods=77 adapters=165
 compilation: enabled
              stopped_count=0, restarted_count=0
 full_count=0

Compilation events (20 events):
Event: 0.065 Thread 0x00007f8708187000 nmethod 67 0x00007f86f0b2ad90 code [0x00007f86f0b2af20, 0x00007f86f0b2b070]
Event: 0.065 Thread 0x00007f8708187000   68       3       java.util.HashMap::resize (356 bytes)
Event: 0.066 Thread 0x00007f8708187000 nmethod 68 0x00007f86f0b2b110 code [0x00007f86f0b2b3c0, 0x00007f86f0b2c7e0]
Event: 0.066 Thread 0x00007f8708187000   69       3       jdk.internal.module.ModuleBootstrap$2::hasNext (30 bytes)
Event: 0.066 Thread 0x00007f8708187000 nmethod 69 0x00007f86f0b2cc90 code [0x00007f86f0b2ce40, 0x00007f86f0b2d150]
Event: 0.066 Thread 0x00007f8708187000   70       3       java.util.HashMap::putIfAbsent (13 bytes)
Event: 0.066 Thread 0x00007f8708187000 nmethod 70 0x00007f86f0b2d290 code [0x00007f86f0b2d440, 0x00007f86f0b2d730]
Event: 0.066 Thread 0x00007f8708187000   73       3       jdk.internal.module.ModuleBootstrap$2::next (52 bytes)
Event: 0.066 Thread 0x00007f8708187000 nmethod 73 0x00007f86f0b2d890 code [0x00007f86f0b2da80, 0x00007f86f0b2df80]
Event: 0.066 Thread 0x00007f8708187000   71       3       java.util.ImmutableCollections$Set12$1::next (92 bytes)
Event: 0.067 Thread 0x00007f8708187000 nmethod 71 0x00007f86f0b2e110 code [0x00007f86f0b2e2c0, 0x00007f86f0b2e520]
Event: 0.067 Thread 0x00007f8708187000   75       1       java.lang.Module::getDescriptor (5 bytes)
Event: 0.067 Thread 0x00007f8708187000 nmethod 75 0x00007f86f8050f90 code [0x00007f86f8051120, 0x00007f86f80511d0]
Event: 0.067 Thread 0x00007f8708185000 nmethod 65 0x00007f86f8051290 code [0x00007f86f8051440, 0x00007f86f80516f8]
Event: 0.067 Thread 0x00007f8708185000   72       4       java.util.ImmutableCollections$SetN$SetNIterator::nextIndex (56 bytes)
Event: 0.067 Thread 0x00007f8708185000 nmethod 72 0x00007f86f8051890 code [0x00007f86f8051a20, 0x00007f86f8051ad8]
Event: 0.070 Thread 0x00007f8708187000   76       3       java.lang.String::hashCode (60 bytes)
Event: 0.070 Thread 0x00007f8708187000 nmethod 76 0x00007f86f0b2e610 code [0x00007f86f0b2e7c0, 0x00007f86f0b2eaf0]
Event: 0.073 Thread 0x00007f8708187000   77       3       java.util.HashSet::add (20 bytes)
Event: 0.074 Thread 0x00007f8708187000 nmethod 77 0x00007f86f0b2ec10 code [0x00007f86f0b2ede0, 0x00007f86f0b2f190]

GC Heap History (0 events):
No events

Deoptimization events (4 events):
Event: 0.069 Thread 0x00007f8708017000 Uncommon trap: trap_request=0xffffff45 fr.pc=0x00007f86f8051648 relative=0x0000000000000208
Event: 0.069 Thread 0x00007f8708017000 Uncommon trap: reason=unstable_if action=reinterpret pc=0x00007f86f8051648 method=java.lang.String.hashCode()I @ 42 c2
Event: 0.069 Thread 0x00007f8708017000 DEOPT PACKING pc=0x00007f86f8051648 sp=0x00007f870e086310
Event: 0.069 Thread 0x00007f8708017000 DEOPT UNPACKING pc=0x00007f86f05cde25 sp=0x00007f870e0862c8 mode 2

Classes unloaded (0 events):
No events

Classes redefined (0 events):
No events

Internal exceptions (0 events):
No events

Events (20 events):
Event: 0.073 loading class java/util/concurrent/ConcurrentHashMap$ValueIterator
Event: 0.073 loading class java/util/Enumeration
Event: 0.073 loading class java/util/Enumeration done
Event: 0.073 loading class java/util/concurrent/ConcurrentHashMap$BaseIterator
Event: 0.073 loading class java/util/concurrent/ConcurrentHashMap$Traverser
Event: 0.074 loading class java/util/concurrent/ConcurrentHashMap$Traverser done
Event: 0.074 loading class java/util/concurrent/ConcurrentHashMap$BaseIterator done
Event: 0.074 loading class java/util/concurrent/ConcurrentHashMap$ValueIterator done
Event: 0.075 loading class java/lang/invoke/StringConcatFactory
Event: 0.075 loading class java/lang/invoke/StringConcatFactory done
Event: 0.075 loading class java/lang/invoke/MethodHandles$Lookup
Event: 0.076 loading class java/lang/invoke/MethodHandles$Lookup done
Event: 0.076 loading class java/lang/invoke/MethodType$ConcurrentWeakInternSet
Event: 0.076 loading class java/lang/invoke/MethodType$ConcurrentWeakInternSet done
Event: 0.076 loading class java/lang/invoke/MethodTypeForm
Event: 0.076 loading class java/lang/invoke/MethodTypeForm done
Event: 0.076 loading class java/lang/invoke/MethodType$ConcurrentWeakInternSet$WeakEntry
Event: 0.076 loading class java/lang/invoke/MethodType$ConcurrentWeakInternSet$WeakEntry done
Event: 0.076 loading class java/lang/invoke/MethodHandles
Event: 0.077 loading class java/lang/invoke/MethodHandles done


Dynamic libraries:
85a00000-8d600000 rw-p 00000000 00:00 0 
8d600000-100000000 ---p 00000000 00:00 0 
100000000-100080000 rw-p 00000000 00:00 0 
100080000-140000000 ---p 00000000 00:00 0 
564c2e166000-564c2e167000 r--p 00000000 08:07 4596461                    /usr/lib/jvm/java-14-openjdk/bin/java
564c2e167000-564c2e168000 r-xp 00001000 08:07 4596461                    /usr/lib/jvm/java-14-openjdk/bin/java
564c2e168000-564c2e169000 r--p 00002000 08:07 4596461                    /usr/lib/jvm/java-14-openjdk/bin/java
564c2e169000-564c2e16a000 r--p 00002000 08:07 4596461                    /usr/lib/jvm/java-14-openjdk/bin/java
564c2e16a000-564c2e16b000 rw-p 00003000 08:07 4596461                    /usr/lib/jvm/java-14-openjdk/bin/java
564c2f4a2000-564c2f4c3000 rw-p 00000000 00:00 0                          [heap]
7f86a8000000-7f86a8021000 rw-p 00000000 00:00 0 
7f86a8021000-7f86ac000000 ---p 00000000 00:00 0 
7f86ac000000-7f86ac021000 rw-p 00000000 00:00 0 
7f86ac021000-7f86b0000000 ---p 00000000 00:00 0 
7f86b0000000-7f86b0021000 rw-p 00000000 00:00 0 
7f86b0021000-7f86b4000000 ---p 00000000 00:00 0 
7f86b4000000-7f86b4021000 rw-p 00000000 00:00 0 
7f86b4021000-7f86b8000000 ---p 00000000 00:00 0 
7f86b8000000-7f86b80a3000 rw-p 00000000 00:00 0 
7f86b80a3000-7f86bc000000 ---p 00000000 00:00 0 
7f86bc000000-7f86bc067000 rw-p 00000000 00:00 0 
7f86bc067000-7f86c0000000 ---p 00000000 00:00 0 
7f86c0000000-7f86c0021000 rw-p 00000000 00:00 0 
7f86c0021000-7f86c4000000 ---p 00000000 00:00 0 
7f86c4000000-7f86c4021000 rw-p 00000000 00:00 0 
7f86c4021000-7f86c8000000 ---p 00000000 00:00 0 
7f86c8000000-7f86c8021000 rw-p 00000000 00:00 0 
7f86c8021000-7f86cc000000 ---p 00000000 00:00 0 
7f86cc000000-7f86cc021000 rw-p 00000000 00:00 0 
7f86cc021000-7f86d0000000 ---p 00000000 00:00 0 
7f86d0000000-7f86d0021000 rw-p 00000000 00:00 0 
7f86d0021000-7f86d4000000 ---p 00000000 00:00 0 
7f86d4000000-7f86d4021000 rw-p 00000000 00:00 0 
7f86d4021000-7f86d8000000 ---p 00000000 00:00 0 
7f86d8000000-7f86d8021000 rw-p 00000000 00:00 0 
7f86d8021000-7f86dc000000 ---p 00000000 00:00 0 
7f86dd299000-7f86dd29d000 ---p 00000000 00:00 0 
7f86dd29d000-7f86dd39a000 rw-p 00000000 00:00 0 
7f86dd39a000-7f86dd39b000 ---p 00000000 00:00 0 
7f86dd39b000-7f86dd49c000 rw-p 00000000 00:00 0 
7f86dd49c000-7f86dd4a0000 ---p 00000000 00:00 0 
7f86dd4a0000-7f86dd59d000 rw-p 00000000 00:00 0 
7f86dd59d000-7f86dd5a1000 ---p 00000000 00:00 0 
7f86dd5a1000-7f86dd69e000 rw-p 00000000 00:00 0 
7f86dd69e000-7f86dd6a2000 ---p 00000000 00:00 0 
7f86dd6a2000-7f86dd79f000 rw-p 00000000 00:00 0 
7f86dd79f000-7f86dd7a3000 ---p 00000000 00:00 0 
7f86dd7a3000-7f86dd8a0000 rw-p 00000000 00:00 0 
7f86dd8a0000-7f86dd8a4000 ---p 00000000 00:00 0 
7f86dd8a4000-7f86dd9a1000 rw-p 00000000 00:00 0 
7f86dd9a1000-7f86dd9a5000 ---p 00000000 00:00 0 
7f86dd9a5000-7f86ddaa2000 rw-p 00000000 00:00 0 
7f86ddaa2000-7f86de000000 r--p 00000000 08:07 4473504                    /usr/lib/locale/locale-archive
7f86de000000-7f86e0000000 rw-p 00000000 00:00 0 
7f86e0000000-7f86e0021000 rw-p 00000000 00:00 0 
7f86e0021000-7f86e4000000 ---p 00000000 00:00 0 
7f86e4000000-7f86e4021000 rw-p 00000000 00:00 0 
7f86e4021000-7f86e8000000 ---p 00000000 00:00 0 
7f86e8000000-7f86e8021000 rw-p 00000000 00:00 0 
7f86e8021000-7f86ec000000 ---p 00000000 00:00 0 
7f86ec055000-7f86ec495000 rw-p 00000000 00:00 0 
7f86ec495000-7f86ec855000 ---p 00000000 00:00 0 
7f86ec855000-7f86eca45000 rw-p 00000000 00:00 0 
7f86eca45000-7f86ee6ed000 ---p 00000000 00:00 0 
7f86ee6ed000-7f86ee8dd000 rw-p 00000000 00:00 0 
7f86ee8dd000-7f86f0585000 ---p 00000000 00:00 0 
7f86f0585000-7f86f07f5000 rwxp 00000000 00:00 0 
7f86f07f5000-7f86f0b16000 ---p 00000000 00:00 0 
7f86f0b16000-7f86f0d86000 rwxp 00000000 00:00 0 
7f86f0d86000-7f86f804d000 ---p 00000000 00:00 0 
7f86f804d000-7f86f82bd000 rwxp 00000000 00:00 0 
7f86f82bd000-7f86ff585000 ---p 00000000 00:00 0 
7f86ff585000-7f8708000000 r--s 00000000 08:07 4596549                    /usr/lib/jvm/java-14-openjdk/lib/modules
7f8708000000-7f8708250000 rw-p 00000000 00:00 0 
7f8708250000-7f870c000000 ---p 00000000 00:00 0 
7f870c04e000-7f870c052000 ---p 00000000 00:00 0 
7f870c052000-7f870c14f000 rw-p 00000000 00:00 0 
7f870c14f000-7f870c153000 ---p 00000000 00:00 0 
7f870c153000-7f870c250000 rw-p 00000000 00:00 0 
7f870c250000-7f870c251000 ---p 00000000 00:00 0 
7f870c251000-7f870c4b1000 rw-p 00000000 00:00 0 
7f870c4b1000-7f870c4b2000 ---p 00000000 00:00 0 
7f870c4b2000-7f870c5b3000 rw-p 00000000 00:00 0 
7f870c5b3000-7f870c5b4000 ---p 00000000 00:00 0 
7f870c5b4000-7f870cab9000 rw-p 00000000 00:00 0 
7f870cab9000-7f870caba000 ---p 00000000 00:00 0 
7f870caba000-7f870cbbb000 rw-p 00000000 00:00 0 
7f870cbbb000-7f870cbbc000 ---p 00000000 00:00 0 
7f870cbbc000-7f870ccbd000 rw-p 00000000 00:00 0 
7f870ccbd000-7f870ccbe000 ---p 00000000 00:00 0 
7f870ccbe000-7f870ce3f000 rw-p 00000000 00:00 0 
7f870ce3f000-7f870d1d4000 ---p 00000000 00:00 0 
7f870d1d4000-7f870d212000 rw-p 00000000 00:00 0 
7f870d212000-7f870d5a7000 ---p 00000000 00:00 0 
7f870d5a7000-7f870d5e5000 rw-p 00000000 00:00 0 
7f870d5e5000-7f870d97a000 ---p 00000000 00:00 0 
7f870d97a000-7f870dd83000 rw-p 00000000 00:00 0 
7f870dd83000-7f870de69000 ---p 00000000 00:00 0 
7f870de69000-7f870de6e000 rw-p 00000000 00:00 0 
7f870de6e000-7f870df54000 ---p 00000000 00:00 0 
7f870df54000-7f870df59000 rw-p 00000000 00:00 0 
7f870df59000-7f870df60000 ---p 00000000 00:00 0 
7f870df60000-7f870df6d000 r--p 00000000 08:07 4596512                    /usr/lib/jvm/java-14-openjdk/lib/libjava.so
7f870df6d000-7f870df7f000 r-xp 0000d000 08:07 4596512                    /usr/lib/jvm/java-14-openjdk/lib/libjava.so
7f870df7f000-7f870df85000 r--p 0001f000 08:07 4596512                    /usr/lib/jvm/java-14-openjdk/lib/libjava.so
7f870df85000-7f870df86000 r--p 00024000 08:07 4596512                    /usr/lib/jvm/java-14-openjdk/lib/libjava.so
7f870df86000-7f870df87000 rw-p 00025000 08:07 4596512                    /usr/lib/jvm/java-14-openjdk/lib/libjava.so
7f870df87000-7f870df88000 rw-p 00000000 00:00 0 
7f870df88000-7f870df8c000 ---p 00000000 00:00 0 
7f870df8c000-7f870e089000 rw-p 00000000 00:00 0 
7f870e089000-7f870e08c000 r--p 00000000 08:07 4462552                    /usr/lib/libgcc_s.so.1
7f870e08c000-7f870e09d000 r-xp 00003000 08:07 4462552                    /usr/lib/libgcc_s.so.1
7f870e09d000-7f870e0a1000 r--p 00014000 08:07 4462552                    /usr/lib/libgcc_s.so.1
7f870e0a1000-7f870e0a2000 r--p 00017000 08:07 4462552                    /usr/lib/libgcc_s.so.1
7f870e0a2000-7f870e0a3000 rw-p 00018000 08:07 4462552                    /usr/lib/libgcc_s.so.1
7f870e0a3000-7f870e0b2000 r--p 00000000 08:07 4462621                    /usr/lib/libm-2.31.so
7f870e0b2000-7f870e14e000 r-xp 0000f000 08:07 4462621                    /usr/lib/libm-2.31.so
7f870e14e000-7f870e1e7000 r--p 000ab000 08:07 4462621                    /usr/lib/libm-2.31.so
7f870e1e7000-7f870e1e8000 r--p 00143000 08:07 4462621                    /usr/lib/libm-2.31.so
7f870e1e8000-7f870e1e9000 rw-p 00144000 08:07 4462621                    /usr/lib/libm-2.31.so
7f870e1e9000-7f870e27f000 r--p 00000000 08:07 4462729                    /usr/lib/libstdc++.so.6.0.28
7f870e27f000-7f870e378000 r-xp 00096000 08:07 4462729                    /usr/lib/libstdc++.so.6.0.28
7f870e378000-7f870e3c1000 r--p 0018f000 08:07 4462729                    /usr/lib/libstdc++.so.6.0.28
7f870e3c1000-7f870e3ce000 r--p 001d7000 08:07 4462729                    /usr/lib/libstdc++.so.6.0.28
7f870e3ce000-7f870e3cf000 rw-p 001e4000 08:07 4462729                    /usr/lib/libstdc++.so.6.0.28
7f870e3cf000-7f870e3d2000 rw-p 00000000 00:00 0 
7f870e3d2000-7f870e600000 r--p 00000000 08:07 4596561                    /usr/lib/jvm/java-14-openjdk/lib/server/libjvm.so
7f870e600000-7f870f28b000 r-xp 0022e000 08:07 4596561                    /usr/lib/jvm/java-14-openjdk/lib/server/libjvm.so
7f870f28b000-7f870f4ed000 r--p 00eb9000 08:07 4596561                    /usr/lib/jvm/java-14-openjdk/lib/server/libjvm.so
7f870f4ed000-7f870f4ee000 ---p 0111b000 08:07 4596561                    /usr/lib/jvm/java-14-openjdk/lib/server/libjvm.so
7f870f4ee000-7f870f596000 r--p 0111b000 08:07 4596561                    /usr/lib/jvm/java-14-openjdk/lib/server/libjvm.so
7f870f596000-7f870f5cf000 rw-p 011c3000 08:07 4596561                    /usr/lib/jvm/java-14-openjdk/lib/server/libjvm.so
7f870f5cf000-7f870f652000 rw-p 00000000 00:00 0 
7f870f652000-7f870f659000 r--p 00000000 08:07 4462703                    /usr/lib/libpthread-2.31.so
7f870f659000-7f870f669000 r-xp 00007000 08:07 4462703                    /usr/lib/libpthread-2.31.so
7f870f669000-7f870f66e000 r--p 00017000 08:07 4462703                    /usr/lib/libpthread-2.31.so
7f870f66e000-7f870f66f000 r--p 0001b000 08:07 4462703                    /usr/lib/libpthread-2.31.so
7f870f66f000-7f870f670000 rw-p 0001c000 08:07 4462703                    /usr/lib/libpthread-2.31.so
7f870f670000-7f870f674000 rw-p 00000000 00:00 0 
7f870f674000-7f870f675000 r--p 00000000 08:07 4462514                    /usr/lib/libdl-2.31.so
7f870f675000-7f870f676000 r-xp 00001000 08:07 4462514                    /usr/lib/libdl-2.31.so
7f870f676000-7f870f677000 r--p 00002000 08:07 4462514                    /usr/lib/libdl-2.31.so
7f870f677000-7f870f678000 r--p 00002000 08:07 4462514                    /usr/lib/libdl-2.31.so
7f870f678000-7f870f679000 rw-p 00003000 08:07 4462514                    /usr/lib/libdl-2.31.so
7f870f679000-7f870f67c000 r--p 00000000 08:07 4462793                    /usr/lib/libz.so.1.2.11
7f870f67c000-7f870f68a000 r-xp 00003000 08:07 4462793                    /usr/lib/libz.so.1.2.11
7f870f68a000-7f870f690000 r--p 00011000 08:07 4462793                    /usr/lib/libz.so.1.2.11
7f870f690000-7f870f691000 ---p 00017000 08:07 4462793                    /usr/lib/libz.so.1.2.11
7f870f691000-7f870f692000 r--p 00017000 08:07 4462793                    /usr/lib/libz.so.1.2.11
7f870f692000-7f870f693000 rw-p 00018000 08:07 4462793                    /usr/lib/libz.so.1.2.11
7f870f693000-7f870f6b8000 r--p 00000000 08:07 4462488                    /usr/lib/libc-2.31.so
7f870f6b8000-7f870f804000 r-xp 00025000 08:07 4462488                    /usr/lib/libc-2.31.so
7f870f804000-7f870f84f000 r--p 00171000 08:07 4462488                    /usr/lib/libc-2.31.so
7f870f84f000-7f870f852000 r--p 001bb000 08:07 4462488                    /usr/lib/libc-2.31.so
7f870f852000-7f870f855000 rw-p 001be000 08:07 4462488                    /usr/lib/libc-2.31.so
7f870f855000-7f870f859000 rw-p 00000000 00:00 0 
7f870f859000-7f870f85b000 r--p 00000000 08:07 7867476                    /home/mauricio/Documents/escom/8semester/Cryptography/libhello.so
7f870f85b000-7f870f85e000 r-xp 00002000 08:07 7867476                    /home/mauricio/Documents/escom/8semester/Cryptography/libhello.so
7f870f85e000-7f870f860000 r--p 00005000 08:07 7867476                    /home/mauricio/Documents/escom/8semester/Cryptography/libhello.so
7f870f860000-7f870f861000 r--p 00006000 08:07 7867476                    /home/mauricio/Documents/escom/8semester/Cryptography/libhello.so
7f870f861000-7f870f862000 rw-p 00007000 08:07 7867476                    /home/mauricio/Documents/escom/8semester/Cryptography/libhello.so
7f870f862000-7f870f864000 r--p 00000000 08:07 4596548                    /usr/lib/jvm/java-14-openjdk/lib/libzip.so
7f870f864000-7f870f868000 r-xp 00002000 08:07 4596548                    /usr/lib/jvm/java-14-openjdk/lib/libzip.so
7f870f868000-7f870f86a000 r--p 00006000 08:07 4596548                    /usr/lib/jvm/java-14-openjdk/lib/libzip.so
7f870f86a000-7f870f86b000 r--p 00007000 08:07 4596548                    /usr/lib/jvm/java-14-openjdk/lib/libzip.so
7f870f86b000-7f870f86c000 rw-p 00008000 08:07 4596548                    /usr/lib/jvm/java-14-openjdk/lib/libzip.so
7f870f86c000-7f870f874000 rw-s 00000000 00:2e 31                         /tmp/hsperfdata_mauricio/25073
7f870f874000-7f870f877000 r--p 00000000 08:07 4462663                    /usr/lib/libnss_files-2.31.so
7f870f877000-7f870f87e000 r-xp 00003000 08:07 4462663                    /usr/lib/libnss_files-2.31.so
7f870f87e000-7f870f880000 r--p 0000a000 08:07 4462663                    /usr/lib/libnss_files-2.31.so
7f870f880000-7f870f881000 r--p 0000b000 08:07 4462663                    /usr/lib/libnss_files-2.31.so
7f870f881000-7f870f882000 rw-p 0000c000 08:07 4462663                    /usr/lib/libnss_files-2.31.so
7f870f882000-7f870f888000 rw-p 00000000 00:00 0 
7f870f888000-7f870f889000 ---p 00000000 00:00 0 
7f870f889000-7f870f88a000 r--p 00000000 00:00 0 
7f870f88a000-7f870f88c000 r--p 00000000 08:07 4596518                    /usr/lib/jvm/java-14-openjdk/lib/libjimage.so
7f870f88c000-7f870f88f000 r-xp 00002000 08:07 4596518                    /usr/lib/jvm/java-14-openjdk/lib/libjimage.so
7f870f88f000-7f870f890000 r--p 00005000 08:07 4596518                    /usr/lib/jvm/java-14-openjdk/lib/libjimage.so
7f870f890000-7f870f891000 ---p 00006000 08:07 4596518                    /usr/lib/jvm/java-14-openjdk/lib/libjimage.so
7f870f891000-7f870f892000 r--p 00006000 08:07 4596518                    /usr/lib/jvm/java-14-openjdk/lib/libjimage.so
7f870f892000-7f870f893000 rw-p 00007000 08:07 4596518                    /usr/lib/jvm/java-14-openjdk/lib/libjimage.so
7f870f893000-7f870f896000 r--p 00000000 08:07 4596520                    /usr/lib/jvm/java-14-openjdk/lib/libjli.so
7f870f896000-7f870f8a0000 r-xp 00003000 08:07 4596520                    /usr/lib/jvm/java-14-openjdk/lib/libjli.so
7f870f8a0000-7f870f8a3000 r--p 0000d000 08:07 4596520                    /usr/lib/jvm/java-14-openjdk/lib/libjli.so
7f870f8a3000-7f870f8a4000 ---p 00010000 08:07 4596520                    /usr/lib/jvm/java-14-openjdk/lib/libjli.so
7f870f8a4000-7f870f8a5000 r--p 00010000 08:07 4596520                    /usr/lib/jvm/java-14-openjdk/lib/libjli.so
7f870f8a5000-7f870f8a6000 rw-p 00011000 08:07 4596520                    /usr/lib/jvm/java-14-openjdk/lib/libjli.so
7f870f8a6000-7f870f8a8000 rw-p 00000000 00:00 0 
7f870f8a8000-7f870f8aa000 r--p 00000000 08:07 4462443                    /usr/lib/ld-2.31.so
7f870f8aa000-7f870f8ca000 r-xp 00002000 08:07 4462443                    /usr/lib/ld-2.31.so
7f870f8ca000-7f870f8d2000 r--p 00022000 08:07 4462443                    /usr/lib/ld-2.31.so
7f870f8d2000-7f870f8d3000 ---p 00000000 00:00 0 
7f870f8d3000-7f870f8d4000 r--p 0002a000 08:07 4462443                    /usr/lib/ld-2.31.so
7f870f8d4000-7f870f8d5000 rw-p 0002b000 08:07 4462443                    /usr/lib/ld-2.31.so
7f870f8d5000-7f870f8d6000 rw-p 00000000 00:00 0 
7ffc77256000-7ffc77277000 rw-p 00000000 00:00 0                          [stack]
7ffc7732b000-7ffc7732f000 r--p 00000000 00:00 0                          [vvar]
7ffc7732f000-7ffc77331000 r-xp 00000000 00:00 0                          [vdso]
ffffffffff600000-ffffffffff601000 --xp 00000000 00:00 0                  [vsyscall]


VM Arguments:
jvm_args: -Djava.library.path=. 
java_command: HelloJNI file.txt JNI.txt
java_class_path (initial): .
Launcher Type: SUN_STANDARD

[Global flags]
     intx CICompilerCount                          = 3                                         {product} {ergonomic}
     uint ConcGCThreads                            = 1                                         {product} {ergonomic}
     uint G1ConcRefinementThreads                  = 4                                         {product} {ergonomic}
   size_t G1HeapRegionSize                         = 1048576                                   {product} {ergonomic}
    uintx GCDrainStackTargetSize                   = 64                                        {product} {ergonomic}
   size_t InitialHeapSize                          = 130023424                                 {product} {ergonomic}
   size_t MarkStackSize                            = 4194304                                   {product} {ergonomic}
   size_t MaxHeapSize                              = 2053111808                                {product} {ergonomic}
   size_t MaxNewSize                               = 1231028224                                {product} {ergonomic}
   size_t MinHeapDeltaBytes                        = 1048576                                   {product} {ergonomic}
   size_t MinHeapSize                              = 8388608                                   {product} {ergonomic}
    uintx NonNMethodCodeHeapSize                   = 5832780                                {pd product} {ergonomic}
    uintx NonProfiledCodeHeapSize                  = 122912730                              {pd product} {ergonomic}
    uintx ProfiledCodeHeapSize                     = 122912730                              {pd product} {ergonomic}
    uintx ReservedCodeCacheSize                    = 251658240                              {pd product} {ergonomic}
     bool SegmentedCodeCache                       = true                                      {product} {ergonomic}
   size_t SoftMaxHeapSize                          = 2053111808                             {manageable} {ergonomic}
     bool UseCompressedClassPointers               = true                                 {lp64_product} {ergonomic}
     bool UseCompressedOops                        = true                                 {lp64_product} {ergonomic}
     bool UseG1GC                                  = true                                      {product} {ergonomic}

Logging:
Log output configuration:
 #0: stdout all=warning uptime,level,tags
 #1: stderr all=off uptime,level,tags

Environment Variables:
PATH=/home/mauricio/anaconda3/condabin:/home/mauricio/.local/bin:/usr/local/sbin:/usr/local/bin:/usr/bin:/usr/lib/jvm/default/bin:/usr/bin/site_perl:/usr/bin/vendor_perl:/usr/bin/core_perl:/var/lib/snapd/snap/bin
SHELL=/bin/bash
DISPLAY=:0

Signal Handlers:
SIGSEGV: [libjvm.so+0xe48610], sa_mask[0]=11111111011111111101111111111110, sa_flags=SA_RESTART|SA_SIGINFO
SIGBUS: [libjvm.so+0xe48610], sa_mask[0]=11111111011111111101111111111110, sa_flags=SA_RESTART|SA_SIGINFO
SIGFPE: [libjvm.so+0xe48610], sa_mask[0]=11111111011111111101111111111110, sa_flags=SA_RESTART|SA_SIGINFO
SIGPIPE: [libjvm.so+0xb86900], sa_mask[0]=11111111011111111101111111111110, sa_flags=SA_RESTART|SA_SIGINFO
SIGXFSZ: [libjvm.so+0xb86900], sa_mask[0]=11111111011111111101111111111110, sa_flags=SA_RESTART|SA_SIGINFO
SIGILL: [libjvm.so+0xe48610], sa_mask[0]=11111111011111111101111111111110, sa_flags=SA_RESTART|SA_SIGINFO
SIGUSR2: [libjvm.so+0xb86790], sa_mask[0]=00000000000000000000000000000000, sa_flags=SA_RESTART|SA_SIGINFO
SIGHUP: [libjvm.so+0xb87010], sa_mask[0]=11111111011111111101111111111110, sa_flags=SA_RESTART|SA_SIGINFO
SIGINT: [libjvm.so+0xb87010], sa_mask[0]=11111111011111111101111111111110, sa_flags=SA_RESTART|SA_SIGINFO
SIGTERM: [libjvm.so+0xb87010], sa_mask[0]=11111111011111111101111111111110, sa_flags=SA_RESTART|SA_SIGINFO
SIGQUIT: [libjvm.so+0xb87010], sa_mask[0]=11111111011111111101111111111110, sa_flags=SA_RESTART|SA_SIGINFO


---------------  S Y S T E M  ---------------

OS:DISTRIB_ID=ManjaroLinux
DISTRIB_RELEASE=20.0
DISTRIB_CODENAME=Lysia
DISTRIB_DESCRIPTION="Manjaro Linux"
uname:Linux 5.6.8-1-MANJARO #1 SMP PREEMPT Wed Apr 29 19:05:17 UTC 2020 x86_64
OS uptime: 0 days 7:48 hours
libc:glibc 2.31 NPTL 2.31 
rlimit: STACK 8192k, CORE infinity, NPROC 31245, NOFILE 524288, AS infinity, DATA infinity, FSIZE infinity
load average:2.76 2.10 2.32

/proc/meminfo:
MemTotal:        8017440 kB
MemFree:          478512 kB
MemAvailable:    1974316 kB
Buffers:          231756 kB
Cached:          3109112 kB
SwapCached:            0 kB
Active:          4829568 kB
Inactive:        1331624 kB
Active(anon):    3807164 kB
Inactive(anon):   687324 kB
Active(file):    1022404 kB
Inactive(file):   644300 kB
Unevictable:      966124 kB
Mlocked:              48 kB
SwapTotal:             0 kB
SwapFree:              0 kB
Dirty:               224 kB
Writeback:            12 kB
AnonPages:       3786284 kB
Mapped:          1399160 kB
Shmem:           1697536 kB
KReclaimable:     106920 kB
Slab:             250808 kB
SReclaimable:     106920 kB
SUnreclaim:       143888 kB
KernelStack:       16384 kB
PageTables:        64960 kB
NFS_Unstable:          0 kB
Bounce:                0 kB
WritebackTmp:          0 kB
CommitLimit:     4008720 kB
Committed_AS:   16468696 kB
VmallocTotal:   34359738367 kB
VmallocUsed:       35468 kB
VmallocChunk:          0 kB
Percpu:             2192 kB
HardwareCorrupted:     0 kB
AnonHugePages:         0 kB
ShmemHugePages:        0 kB
ShmemPmdMapped:        0 kB
FileHugePages:         0 kB
FilePmdMapped:         0 kB
HugePages_Total:       0
HugePages_Free:        0
HugePages_Rsvd:        0
HugePages_Surp:        0
Hugepagesize:       2048 kB
Hugetlb:               0 kB
DirectMap4k:      365348 kB
DirectMap2M:     7886848 kB
DirectMap1G:     1048576 kB


/proc/sys/kernel/threads-max (system-wide limit on the number of threads):
62490


/proc/sys/vm/max_map_count (maximum number of memory map areas a process may have):
65530


/proc/sys/kernel/pid_max (system-wide limit on number of process identifiers):
4194304



container (cgroup) information:
container_type: cgroupv1
cpu_cpuset_cpus: 0-3
cpu_memory_nodes: 0
active_processor_count: 4
cpu_quota: no quota
cpu_period: 100000
cpu_shares: no shares
memory_limit_in_bytes: unlimited
memory_and_swap_limit_in_bytes: unlimited
memory_soft_limit_in_bytes: unlimited
memory_usage_in_bytes: 6291521536
memory_max_usage_in_bytes: 6856339456

Steal ticks since vm start: 0
Steal ticks percentage since vm start:  0.000

CPU:total 4 (initial active 4) (2 cores per cpu, 2 threads per core) family 6 model 142 stepping 9, cmov, cx8, fxsr, mmx, sse, sse2, sse3, ssse3, sse4.1, sse4.2, popcnt, avx, avx2, aes, clmul, erms, 3dnowpref, lzcnt, ht, tsc, tscinvbit, bmi1, bmi2, adx, fma
CPU Model and flags from /proc/cpuinfo:
model name	: Intel(R) Core(TM) i7-7500U CPU @ 2.70GHz
flags		: fpu vme de pse tsc msr pae mce cx8 apic sep mtrr pge mca cmov pat pse36 clflush dts acpi mmx fxsr sse sse2 ss ht tm pbe syscall nx pdpe1gb rdtscp lm constant_tsc art arch_perfmon pebs bts rep_good nopl xtopology nonstop_tsc cpuid aperfmperf pni pclmulqdq dtes64 monitor ds_cpl vmx est tm2 ssse3 sdbg fma cx16 xtpr pdcm pcid sse4_1 sse4_2 x2apic movbe popcnt tsc_deadline_timer aes xsave avx f16c rdrand lahf_lm abm 3dnowprefetch cpuid_fault epb invpcid_single pti ssbd ibrs ibpb stibp tpr_shadow vnmi flexpriority ept vpid ept_ad fsgsbase tsc_adjust bmi1 avx2 smep bmi2 erms invpcid mpx rdseed adx smap clflushopt intel_pt xsaveopt xsavec xgetbv1 xsaves dtherm ida arat pln pts hwp hwp_notify hwp_act_window hwp_epp md_clear flush_l1d

Memory: 4k page, physical 8017440k(478512k free), swap 0k(0k free)

vm_info: OpenJDK 64-Bit Server VM (14.0.1+7) for linux-amd64 JRE (14.0.1+7), built on May 23 2020 18:20:52 by "builduser" with gcc 10.1.0

END.
